<?xml version="1.0" encoding="UTF-8"?>
<!-- Generated by org.testng.reporters.JUnitReportReporter -->
<testsuite skipped="0" hostname="DESKTOP-17PQN8B" name="Raman_Maven.sample" tests="1" failures="0" timestamp="2022-03-26T14:47:35 IST" time="0.007" errors="0">
  <testcase name="test" time="0.007" classname="Raman_Maven.sample"/>
  <system-out/>
</testsuite> <!-- Raman_Maven.sample -->
